<?xml version="1.0" encoding="UTF-8"?>
<!-- Generated by org.testng.reporters.JUnitXMLReporter -->
<testsuite ignored="2" hostname="DESKTOP-J3T8F3Q" failures="0" tests="2" name="Test" time="0.117" errors="0" timestamp="2023-11-19T14:34:22 IST">
  <testcase classname="testNGdemo.Groupsdemo" name="test1" time="0.025"/>
  <testcase classname="testNGdemo.Groupsdemo" name="test2" time="0.004"/>
  <testcase classname="testNGdemo.Groupsdemo" name="test3" time="0.0">
    <ignored/>
  </testcase> <!-- test3 -->
  <testcase classname="testNGdemo.Groupsdemo" name="test4" time="0.0">
    <ignored/>
  </testcase> <!-- test4 -->
</testsuite> <!-- Test -->
